#
# There is insufficient memory for the Java Runtime Environment to continue.
# Native memory allocation (malloc) failed to allocate 1382656 bytes for Chunk::new
# Possible reasons:
#   The system is out of physical RAM or swap space
#   In 32 bit mode, the process size limit was hit
# Possible solutions:
#   Reduce memory load on the system
#   Increase physical memory or swap space
#   Check if swap backing store is full
#   Use 64 bit Java on a 64 bit OS
#   Decrease Java heap size (-Xmx/-Xms)
#   Decrease number of Java threads
#   Decrease Java thread stack sizes (-Xss)
#   Set larger code cache with -XX:ReservedCodeCacheSize=
# This output file may be truncated or incomplete.
#
#  Out of Memory Error (allocation.cpp:390), pid=12812, tid=0x0000000000001ad8
#
# JRE version: Java(TM) SE Runtime Environment (8.0_161-b12) (build 1.8.0_161-b12)
# Java VM: Java HotSpot(TM) 64-Bit Server VM (25.161-b12 mixed mode windows-amd64 compressed oops)
# Failed to write core dump. Minidumps are not enabled by default on client versions of Windows
#

---------------  T H R E A D  ---------------

Current thread (0x0000000016525800):  JavaThread "C2 CompilerThread0" daemon [_thread_in_native, id=6872, stack(0x0000000017ba0000,0x0000000017ca0000)]

Stack: [0x0000000017ba0000,0x0000000017ca0000]
[error occurred during error reporting (printing stack bounds), id 0xc0000005]

Native frames: (J=compiled Java code, j=interpreted, Vv=VM code, C=native code)


Current CompileTask:
C2:  15292 5333   !   4       org.springframework.core.annotation.AnnotationsScanner::processMethodHierarchy (276 bytes)


---------------  P R O C E S S  ---------------

Java Threads: ( => current thread )
  0x000000001cf99000 JavaThread "Thread-3" [_thread_blocked, id=10216, stack(0x0000000021b50000,0x0000000021c50000)]
  0x000000001cf97000 JavaThread "Live Reload Server" daemon [_thread_in_native, id=3420, stack(0x0000000021590000,0x0000000021690000)]
  0x000000001e159000 JavaThread "mysql-cj-abandoned-connection-cleanup" daemon [_thread_blocked, id=14388, stack(0x000000001ec20000,0x000000001ed20000)]
  0x000000001657e000 JavaThread "Service Thread" daemon [_thread_blocked, id=10484, stack(0x00000000182a0000,0x00000000183a0000)]
  0x0000000016530800 JavaThread "C1 CompilerThread2" daemon [_thread_blocked, id=14252, stack(0x0000000017da0000,0x0000000017ea0000)]
  0x000000001652b000 JavaThread "C2 CompilerThread1" daemon [_thread_blocked, id=14264, stack(0x0000000017ca0000,0x0000000017da0000)]
=>0x0000000016525800 JavaThread "C2 CompilerThread0" daemon [_thread_in_native, id=6872, stack(0x0000000017ba0000,0x0000000017ca0000)]
  0x0000000016524800 JavaThread "Attach Listener" daemon [_thread_blocked, id=11364, stack(0x0000000017aa0000,0x0000000017ba0000)]
  0x0000000016510000 JavaThread "Finalizer" daemon [_thread_blocked, id=12076, stack(0x00000000177a0000,0x00000000178a0000)]
  0x0000000002c76800 JavaThread "Reference Handler" daemon [_thread_blocked, id=1904, stack(0x00000000176a0000,0x00000000177a0000)]
  0x0000000002b86000 JavaThread "main" [_thread_blocked, id=14104, stack(0x0000000002a80000,0x0000000002b80000)]

Other Threads:
  0x00000000164e7000 VMThread [stack: 0x00000000175a0000,0x00000000176a0000] [id=7248]

VM state:at safepoint (normal execution)

VM Mutex/Monitor currently owned by a thread:  ([mutex/lock_event])
[0x0000000002b82550] Threads_lock - owner thread: 0x00000000164e7000

Heap:
 PSYoungGen      total 250368K, used 23252K [0x00000000e0800000, 0x00000000f2f00000, 0x0000000100000000)
  eden space 238080K, 9% used [0x00000000e0800000,0x00000000e1eb5238,0x00000000ef080000)
  from space 12288K, 0% used [0x00000000ef080000,0x00000000ef080000,0x00000000efc80000)
  to   space 12800K, 0% used [0x00000000efc80000,0x00000000efc80000,0x00000000f0900000)
 ParOldGen       total 53248K, used 36116K [0x00000000a1800000, 0x00000000a4c00000, 0x00000000e0800000)
  object space 53248K, 67% used [0x00000000a1800000,0x00000000a3b45120,0x00000000a4c00000)
 Metaspace       used 56361K, capacity 59444K, committed 59520K, reserved 1099776K
  class space    used 7701K, capacity 8270K, committed 8320K, reserved 1048576K

Card table byte_map: [0x0000000012040000,0x0000000012340000] byte_map_base: 0x0000000011b34000

Marking Bits: (ParMarkBitMap*) 0x0000000051e8f860
 Begin Bits: [0x0000000012940000, 0x00000000140e0000)
 End Bits:   [0x00000000140e0000, 0x0000000015880000)

Polling page: 0x00000000007d0000

CodeCache: size=245760Kb used=16353Kb max_used=16457Kb free=229406Kb
 bounds [0x0000000002c80000, 0x0000000003cb0000, 0x0000000011c80000]
 total_blobs=5448 nmethods=4902 adapters=457
 compilation: enabled

Compilation events (10 events):
Event: 15.178 Thread 0x0000000016530800 5442   !   2       org.springframework.beans.factory.support.AbstractBeanFactory::resolveBeanClass (117 bytes)
Event: 15.181 Thread 0x0000000016530800 nmethod 5442 0x000000000310df10 code [0x000000000310e180, 0x000000000310ec48]
Event: 15.182 Thread 0x0000000016530800 5443       2       org.springframework.core.convert.support.GenericConversionService$ConverterCacheKey::equals (55 bytes)
Event: 15.182 Thread 0x0000000016530800 nmethod 5443 0x000000000362d650 code [0x000000000362d7c0, 0x000000000362da58]
Event: 15.186 Thread 0x0000000016530800 5444       2       java.util.regex.Pattern$Curly::match (86 bytes)
Event: 15.186 Thread 0x0000000016530800 nmethod 5444 0x00000000030f9690 code [0x00000000030f9820, 0x00000000030f9af8]
Event: 15.187 Thread 0x0000000016530800 5445       2       java.lang.StringBuilder::append (6 bytes)
Event: 15.187 Thread 0x0000000016530800 nmethod 5445 0x000000000311df10 code [0x000000000311e080, 0x000000000311e208]
Event: 15.191 Thread 0x0000000016530800 5446       2       java.text.DontCareFieldPosition$1::formatted (1 bytes)
Event: 15.192 Thread 0x0000000016530800 nmethod 5446 0x000000000311db90 code [0x000000000311dce0, 0x000000000311de30]

GC Heap History (10 events):
Event: 8.018 GC heap before
{Heap before GC invocations=10 (full 1):
 PSYoungGen      total 176640K, used 176638K [0x00000000e0800000, 0x00000000ed600000, 0x0000000100000000)
  eden space 167936K, 100% used [0x00000000e0800000,0x00000000eac00000,0x00000000eac00000)
  from space 8704K, 99% used [0x00000000ecd80000,0x00000000ed5ffbd8,0x00000000ed600000)
  to   space 10240K, 0% used [0x00000000ec200000,0x00000000ec200000,0x00000000ecc00000)
 ParOldGen       total 39424K, used 6819K [0x00000000a1800000, 0x00000000a3e80000, 0x00000000e0800000)
  object space 39424K, 17% used [0x00000000a1800000,0x00000000a1ea8c90,0x00000000a3e80000)
 Metaspace       used 33026K, capacity 35156K, committed 35328K, reserved 1079296K
  class space    used 4381K, capacity 4753K, committed 4864K, reserved 1048576K
Event: 8.043 GC heap after
Heap after GC invocations=10 (full 1):
 PSYoungGen      total 200704K, used 10219K [0x00000000e0800000, 0x00000000f0900000, 0x0000000100000000)
  eden space 190464K, 0% used [0x00000000e0800000,0x00000000e0800000,0x00000000ec200000)
  from space 10240K, 99% used [0x00000000ec200000,0x00000000ecbfac80,0x00000000ecc00000)
  to   space 12800K, 0% used [0x00000000efc80000,0x00000000efc80000,0x00000000f0900000)
 ParOldGen       total 39424K, used 8961K [0x00000000a1800000, 0x00000000a3e80000, 0x00000000e0800000)
  object space 39424K, 22% used [0x00000000a1800000,0x00000000a20c0410,0x00000000a3e80000)
 Metaspace       used 33026K, capacity 35156K, committed 35328K, reserved 1079296K
  class space    used 4381K, capacity 4753K, committed 4864K, reserved 1048576K
}
Event: 8.181 GC heap before
{Heap before GC invocations=11 (full 1):
 PSYoungGen      total 200704K, used 23516K [0x00000000e0800000, 0x00000000f0900000, 0x0000000100000000)
  eden space 190464K, 6% used [0x00000000e0800000,0x00000000e14fc658,0x00000000ec200000)
  from space 10240K, 99% used [0x00000000ec200000,0x00000000ecbfac80,0x00000000ecc00000)
  to   space 12800K, 0% used [0x00000000efc80000,0x00000000efc80000,0x00000000f0900000)
 ParOldGen       total 39424K, used 8961K [0x00000000a1800000, 0x00000000a3e80000, 0x00000000e0800000)
  object space 39424K, 22% used [0x00000000a1800000,0x00000000a20c0410,0x00000000a3e80000)
 Metaspace       used 33339K, capacity 35458K, committed 35496K, reserved 1079296K
  class space    used 4429K, capacity 4832K, committed 4864K, reserved 1048576K
Event: 8.199 GC heap after
Heap after GC invocations=11 (full 1):
 PSYoungGen      total 250880K, used 4604K [0x00000000e0800000, 0x00000000f2f00000, 0x0000000100000000)
  eden space 238080K, 0% used [0x00000000e0800000,0x00000000e0800000,0x00000000ef080000)
  from space 12800K, 35% used [0x00000000efc80000,0x00000000f00ff150,0x00000000f0900000)
  to   space 12288K, 0% used [0x00000000ef080000,0x00000000ef080000,0x00000000efc80000)
 ParOldGen       total 39424K, used 11781K [0x00000000a1800000, 0x00000000a3e80000, 0x00000000e0800000)
  object space 39424K, 29% used [0x00000000a1800000,0x00000000a2381450,0x00000000a3e80000)
 Metaspace       used 33339K, capacity 35458K, committed 35496K, reserved 1079296K
  class space    used 4429K, capacity 4832K, committed 4864K, reserved 1048576K
}
Event: 8.199 GC heap before
{Heap before GC invocations=12 (full 2):
 PSYoungGen      total 250880K, used 4604K [0x00000000e0800000, 0x00000000f2f00000, 0x0000000100000000)
  eden space 238080K, 0% used [0x00000000e0800000,0x00000000e0800000,0x00000000ef080000)
  from space 12800K, 35% used [0x00000000efc80000,0x00000000f00ff150,0x00000000f0900000)
  to   space 12288K, 0% used [0x00000000ef080000,0x00000000ef080000,0x00000000efc80000)
 ParOldGen       total 39424K, used 11781K [0x00000000a1800000, 0x00000000a3e80000, 0x00000000e0800000)
  object space 39424K, 29% used [0x00000000a1800000,0x00000000a2381450,0x00000000a3e80000)
 Metaspace       used 33339K, capacity 35458K, committed 35496K, reserved 1079296K
  class space    used 4429K, capacity 4832K, committed 4864K, reserved 1048576K
Event: 8.287 GC heap after
Heap after GC invocations=12 (full 2):
 PSYoungGen      total 250880K, used 0K [0x00000000e0800000, 0x00000000f2f00000, 0x0000000100000000)
  eden space 238080K, 0% used [0x00000000e0800000,0x00000000e0800000,0x00000000ef080000)
  from space 12800K, 0% used [0x00000000efc80000,0x00000000efc80000,0x00000000f0900000)
  to   space 12288K, 0% used [0x00000000ef080000,0x00000000ef080000,0x00000000efc80000)
 ParOldGen       total 53248K, used 12111K [0x00000000a1800000, 0x00000000a4c00000, 0x00000000e0800000)
  object space 53248K, 22% used [0x00000000a1800000,0x00000000a23d3e40,0x00000000a4c00000)
 Metaspace       used 33339K, capacity 35458K, committed 35496K, reserved 1079296K
  class space    used 4429K, capacity 4832K, committed 4864K, reserved 1048576K
}
Event: 14.529 GC heap before
{Heap before GC invocations=13 (full 2):
 PSYoungGen      total 250880K, used 197754K [0x00000000e0800000, 0x00000000f2f00000, 0x0000000100000000)
  eden space 238080K, 83% used [0x00000000e0800000,0x00000000ec91eac0,0x00000000ef080000)
  from space 12800K, 0% used [0x00000000efc80000,0x00000000efc80000,0x00000000f0900000)
  to   space 12288K, 0% used [0x00000000ef080000,0x00000000ef080000,0x00000000efc80000)
 ParOldGen       total 53248K, used 12111K [0x00000000a1800000, 0x00000000a4c00000, 0x00000000e0800000)
  object space 53248K, 22% used [0x00000000a1800000,0x00000000a23d3e40,0x00000000a4c00000)
 Metaspace       used 56074K, capacity 59034K, committed 59136K, reserved 1099776K
  class space    used 7638K, capacity 8150K, committed 8192K, reserved 1048576K
Event: 14.570 GC heap after
Heap after GC invocations=13 (full 2):
 PSYoungGen      total 250368K, used 12271K [0x00000000e0800000, 0x00000000f2f00000, 0x0000000100000000)
  eden space 238080K, 0% used [0x00000000e0800000,0x00000000e0800000,0x00000000ef080000)
  from space 12288K, 99% used [0x00000000ef080000,0x00000000efc7bd18,0x00000000efc80000)
  to   space 12800K, 0% used [0x00000000efc80000,0x00000000efc80000,0x00000000f0900000)
 ParOldGen       total 53248K, used 25272K [0x00000000a1800000, 0x00000000a4c00000, 0x00000000e0800000)
  object space 53248K, 47% used [0x00000000a1800000,0x00000000a30ae3e0,0x00000000a4c00000)
 Metaspace       used 56074K, capacity 59034K, committed 59136K, reserved 1099776K
  class space    used 7638K, capacity 8150K, committed 8192K, reserved 1048576K
}
Event: 14.570 GC heap before
{Heap before GC invocations=14 (full 3):
 PSYoungGen      total 250368K, used 12271K [0x00000000e0800000, 0x00000000f2f00000, 0x0000000100000000)
  eden space 238080K, 0% used [0x00000000e0800000,0x00000000e0800000,0x00000000ef080000)
  from space 12288K, 99% used [0x00000000ef080000,0x00000000efc7bd18,0x00000000efc80000)
  to   space 12800K, 0% used [0x00000000efc80000,0x00000000efc80000,0x00000000f0900000)
 ParOldGen       total 53248K, used 25272K [0x00000000a1800000, 0x00000000a4c00000, 0x00000000e0800000)
  object space 53248K, 47% used [0x00000000a1800000,0x00000000a30ae3e0,0x00000000a4c00000)
 Metaspace       used 56074K, capacity 59034K, committed 59136K, reserved 1099776K
  class space    used 7638K, capacity 8150K, committed 8192K, reserved 1048576K
Event: 14.869 GC heap after
Heap after GC invocations=14 (full 3):
 PSYoungGen      total 250368K, used 0K [0x00000000e0800000, 0x00000000f2f00000, 0x0000000100000000)
  eden space 238080K, 0% used [0x00000000e0800000,0x00000000e0800000,0x00000000ef080000)
  from space 12288K, 0% used [0x00000000ef080000,0x00000000ef080000,0x00000000efc80000)
  to   space 12800K, 0% used [0x00000000efc80000,0x00000000efc80000,0x00000000f0900000)
 ParOldGen       total 53248K, used 36116K [0x00000000a1800000, 0x00000000a4c00000, 0x00000000e0800000)
  object space 53248K, 67% used [0x00000000a1800000,0x00000000a3b45120,0x00000000a4c00000)
 Metaspace       used 56074K, capacity 59034K, committed 59136K, reserved 1099776K
  class space    used 7638K, capacity 8150K, committed 8192K, reserved 1048576K
}

Deoptimization events (10 events):
Event: 13.739 Thread 0x0000000018ad1000 Uncommon trap: reason=unstable_if action=reinterpret pc=0x0000000002f9ecbc method=java.util.concurrent.ConcurrentHashMap.get(Ljava/lang/Object;)Ljava/lang/Object; @ 86
Event: 13.806 Thread 0x0000000018ad1000 Uncommon trap: reason=unstable_if action=reinterpret pc=0x000000000359ffa4 method=org.springframework.core.ResolvableType.equals(Ljava/lang/Object;)Z @ 32
Event: 14.006 Thread 0x0000000018ad1000 Uncommon trap: reason=unstable_if action=reinterpret pc=0x000000000376b770 method=org.springframework.util.ConcurrentReferenceHashMap$Segment.restructureIfNecessary(Z)V @ 41
Event: 14.101 Thread 0x0000000018ad1000 Uncommon trap: reason=unstable_if action=reinterpret pc=0x0000000003140104 method=org.springframework.util.ConcurrentReferenceHashMap$Segment.restructureIfNecessary(Z)V @ 41
Event: 14.404 Thread 0x0000000018ad1000 Uncommon trap: reason=class_check action=maybe_recompile pc=0x00000000038f8cdc method=java.util.regex.Matcher.search(I)Z @ 86
Event: 14.407 Thread 0x0000000018ad1000 Uncommon trap: reason=class_check action=maybe_recompile pc=0x00000000038f8cdc method=java.util.regex.Matcher.search(I)Z @ 86
Event: 14.407 Thread 0x0000000018ad1000 Uncommon trap: reason=class_check action=maybe_recompile pc=0x00000000038f8cdc method=java.util.regex.Matcher.search(I)Z @ 86
Event: 14.408 Thread 0x0000000018ad1000 Uncommon trap: reason=class_check action=maybe_recompile pc=0x00000000038f8cdc method=java.util.regex.Matcher.search(I)Z @ 86
Event: 14.408 Thread 0x0000000018ad1000 Uncommon trap: reason=unstable_if action=reinterpret pc=0x0000000003934da8 method=java.util.regex.Pattern$Branch.match(Ljava/util/regex/Matcher;ILjava/lang/CharSequence;)Z @ 35
Event: 14.432 Thread 0x0000000018ad1000 Uncommon trap: reason=unstable_if action=reinterpret pc=0x0000000002f8c720 method=java.util.regex.Pattern$Curly.match(Ljava/util/regex/Matcher;ILjava/lang/CharSequence;)Z @ 45

Classes redefined (0 events):
No events

Internal exceptions (10 events):
Event: 14.154 Thread 0x0000000018ad1000 Exception <a 'java/lang/IncompatibleClassChangeError': Found class java.lang.Object, but interface was expected> (0x00000000eba16bf8) thrown at [C:\re\workspace\8-2-build-windows-amd64-cygwin\jdk8u161\10277\hotspot\src\share\vm\interpreter\linkResolver.cp
Event: 14.389 Thread 0x0000000018ad1000 Exception <a 'java/lang/reflect/InvocationTargetException'> (0x00000000ec2600b8) thrown at [C:\re\workspace\8-2-build-windows-amd64-cygwin\jdk8u161\10277\hotspot\src\share\vm\runtime\reflection.cpp, line 1092]
Event: 14.435 Thread 0x0000000018ad1000 Exception <a 'java/lang/IncompatibleClassChangeError': Found class java.lang.Object, but interface was expected> (0x00000000ec34fc70) thrown at [C:\re\workspace\8-2-build-windows-amd64-cygwin\jdk8u161\10277\hotspot\src\share\vm\interpreter\linkResolver.cp
Event: 14.929 Thread 0x0000000018ad1000 Exception <a 'java/lang/ClassNotFoundException': java/lang/ObjectCustomizer> (0x00000000e0933f60) thrown at [C:\re\workspace\8-2-build-windows-amd64-cygwin\jdk8u161\10277\hotspot\src\share\vm\classfile\systemDictionary.cpp, line 210]
Event: 14.931 Thread 0x0000000018ad1000 Exception <a 'java/lang/ClassNotFoundException': com/nepaliCravings/demo/model/UserCustomizer> (0x00000000e094f190) thrown at [C:\re\workspace\8-2-build-windows-amd64-cygwin\jdk8u161\10277\hotspot\src\share\vm\classfile\systemDictionary.cpp, line 210]
Event: 15.028 Thread 0x0000000018ad1000 Exception <a 'java/lang/reflect/InvocationTargetException'> (0x00000000e0e34d00) thrown at [C:\re\workspace\8-2-build-windows-amd64-cygwin\jdk8u161\10277\hotspot\src\share\vm\runtime\reflection.cpp, line 1092]
Event: 15.031 Thread 0x0000000018ad1000 Exception <a 'java/lang/reflect/InvocationTargetException'> (0x00000000e0e3eec0) thrown at [C:\re\workspace\8-2-build-windows-amd64-cygwin\jdk8u161\10277\hotspot\src\share\vm\runtime\reflection.cpp, line 1092]
Event: 15.096 Thread 0x0000000019aff800 Exception <a 'java/lang/InterruptedException': sleep interrupted> (0x00000000e11a41b8) thrown at [C:\re\workspace\8-2-build-windows-amd64-cygwin\jdk8u161\10277\hotspot\src\share\vm\prims\jvm.cpp, line 3228]
Event: 15.148 Thread 0x0000000018ad1000 Exception <a 'java/lang/NoClassDefFoundError': liquibase/exception/ChangeLogParseException> (0x00000000e1537328) thrown at [C:\re\workspace\8-2-build-windows-amd64-cygwin\jdk8u161\10277\hotspot\src\share\vm\classfile\systemDictionary.cpp, line 199]
Event: 15.199 Thread 0x0000000018ad1000 Exception <a 'java/lang/reflect/InvocationTargetException'> (0x00000000e16ae220) thrown at [C:\re\workspace\8-2-build-windows-amd64-cygwin\jdk8u161\10277\hotspot\src\share\vm\runtime\reflection.cpp, line 1092]

Events (10 events):
Event: 15.207 Thread 0x0000000018ad1000 Thread exited: 0x0000000018ad1000
Event: 15.207 loading class java/util/IdentityHashMap$KeySet
Event: 15.208 loading class java/util/IdentityHashMap$KeySet done
Event: 15.208 loading class java/util/IdentityHashMap$KeyIterator
Event: 15.208 loading class java/util/IdentityHashMap$KeyIterator done
Event: 15.213 Thread 0x000000001cf99000 Thread added: 0x000000001cf99000
Event: 15.214 Executing VM operation: RevokeBias
Event: 15.215 Executing VM operation: RevokeBias done
Event: 15.216 Thread 0x0000000016523800 Thread exited: 0x0000000016523800
Event: 15.216 Executing VM operation: Exit


Dynamic libraries:
0x00007ff7c6600000 - 0x00007ff7c6637000 	C:\Program Files\Java\jdk1.8.0_161\bin\javaw.exe
0x00007fffaab60000 - 0x00007fffaad4d000 	C:\WINDOWS\SYSTEM32\ntdll.dll
0x00007fffaa310000 - 0x00007fffaa3c3000 	C:\WINDOWS\System32\KERNEL32.DLL
0x00007fffa7380000 - 0x00007fffa7615000 	C:\WINDOWS\System32\KERNELBASE.dll
0x00007fffaa080000 - 0x00007fffaa123000 	C:\WINDOWS\System32\ADVAPI32.dll
0x00007fffa7f50000 - 0x00007fffa7fee000 	C:\WINDOWS\System32\msvcrt.dll
0x00007fffaa270000 - 0x00007fffaa30f000 	C:\WINDOWS\System32\sechost.dll
0x00007fffa9ae0000 - 0x00007fffa9c02000 	C:\WINDOWS\System32\RPCRT4.dll
0x00007fffa8120000 - 0x00007fffa82b7000 	C:\WINDOWS\System32\USER32.dll
0x00007fffa7310000 - 0x00007fffa7330000 	C:\WINDOWS\System32\win32u.dll
0x00007fffa9d20000 - 0x00007fffa9d49000 	C:\WINDOWS\System32\GDI32.dll
0x00007fffa6f40000 - 0x00007fffa70dc000 	C:\WINDOWS\System32\gdi32full.dll
0x00007fffa70e0000 - 0x00007fffa7180000 	C:\WINDOWS\System32\msvcp_win.dll
0x00007fffa6e20000 - 0x00007fffa6f1a000 	C:\WINDOWS\System32\ucrtbase.dll
0x00007fff969c0000 - 0x00007fff96c39000 	C:\WINDOWS\WinSxS\amd64_microsoft.windows.common-controls_6595b64144ccf1df_6.0.17763.1637_none_de704308534c3ec5\COMCTL32.dll
0x00007fffa9d50000 - 0x00007fffaa07e000 	C:\WINDOWS\System32\combase.dll
0x00007fffa7290000 - 0x00007fffa730f000 	C:\WINDOWS\System32\bcryptPrimitives.dll
0x00007fffaa1e0000 - 0x00007fffaa20e000 	C:\WINDOWS\System32\IMM32.DLL
0x0000000051f10000 - 0x0000000051fe2000 	C:\Program Files\Java\jdk1.8.0_161\jre\bin\msvcr100.dll
0x0000000051670000 - 0x0000000051f0f000 	C:\Program Files\Java\jdk1.8.0_161\jre\bin\server\jvm.dll
0x00007fffa9d10000 - 0x00007fffa9d18000 	C:\WINDOWS\System32\PSAPI.DLL
0x00007fff956b0000 - 0x00007fff956b9000 	C:\WINDOWS\SYSTEM32\WSOCK32.dll
0x00007fffa9ca0000 - 0x00007fffa9d0d000 	C:\WINDOWS\System32\WS2_32.dll
0x00007fffa4160000 - 0x00007fffa4184000 	C:\WINDOWS\SYSTEM32\WINMM.dll
0x00007fff9d450000 - 0x00007fff9d45a000 	C:\WINDOWS\SYSTEM32\VERSION.dll
0x00007fffa4130000 - 0x00007fffa415d000 	C:\WINDOWS\SYSTEM32\WINMMBASE.dll
0x00007fffa7330000 - 0x00007fffa737a000 	C:\WINDOWS\System32\cfgmgr32.dll
0x0000000051660000 - 0x000000005166f000 	C:\Program Files\Java\jdk1.8.0_161\jre\bin\verify.dll
0x0000000051630000 - 0x0000000051659000 	C:\Program Files\Java\jdk1.8.0_161\jre\bin\java.dll
0x0000000051610000 - 0x0000000051626000 	C:\Program Files\Java\jdk1.8.0_161\jre\bin\zip.dll
0x00007fffa8420000 - 0x00007fffa9919000 	C:\WINDOWS\System32\SHELL32.dll
0x00007fffaaa00000 - 0x00007fffaaaa8000 	C:\WINDOWS\System32\shcore.dll
0x00007fffa7620000 - 0x00007fffa7d73000 	C:\WINDOWS\System32\windows.storage.dll
0x00007fffa6ba0000 - 0x00007fffa6bc4000 	C:\WINDOWS\System32\profapi.dll
0x00007fffa6b40000 - 0x00007fffa6b9d000 	C:\WINDOWS\System32\powrprof.dll
0x00007fffaa8b0000 - 0x00007fffaa902000 	C:\WINDOWS\System32\shlwapi.dll
0x00007fffa6bf0000 - 0x00007fffa6c01000 	C:\WINDOWS\System32\kernel.appcore.dll
0x00007fffa6f20000 - 0x00007fffa6f37000 	C:\WINDOWS\System32\cryptsp.dll
0x0000000051600000 - 0x000000005160d000 	C:\Program Files\Java\jdk1.8.0_161\jre\bin\management.dll
0x00000000515e0000 - 0x00000000515fa000 	C:\Program Files\Java\jdk1.8.0_161\jre\bin\net.dll
0x00007fffa6350000 - 0x00007fffa63b7000 	C:\WINDOWS\system32\mswsock.dll
0x00007fff939c0000 - 0x00007fff939d6000 	C:\WINDOWS\system32\napinsp.dll
0x00007fff939a0000 - 0x00007fff939ba000 	C:\WINDOWS\system32\pnrpnsp.dll
0x00007fffa60b0000 - 0x00007fffa6176000 	C:\WINDOWS\SYSTEM32\DNSAPI.dll
0x00007fffa9c10000 - 0x00007fffa9c18000 	C:\WINDOWS\System32\NSI.dll
0x00007fffa6070000 - 0x00007fffa60ad000 	C:\WINDOWS\SYSTEM32\IPHLPAPI.DLL
0x00007fff93940000 - 0x00007fff9394e000 	C:\WINDOWS\System32\winrnr.dll
0x00007fffa2c90000 - 0x00007fffa2cab000 	C:\WINDOWS\system32\NLAapi.dll
0x00007fff9ea80000 - 0x00007fff9ea95000 	C:\WINDOWS\system32\wshbth.dll
0x00007fff96670000 - 0x00007fff9667a000 	C:\Windows\System32\rasadhlp.dll
0x00007fff96db0000 - 0x00007fff96e29000 	C:\WINDOWS\System32\fwpuclnt.dll
0x00007fffa6c10000 - 0x00007fffa6c36000 	C:\WINDOWS\System32\bcrypt.dll
0x00000000515c0000 - 0x00000000515d1000 	C:\Program Files\Java\jdk1.8.0_161\jre\bin\nio.dll
0x00007fffa5ed0000 - 0x00007fffa5f03000 	C:\WINDOWS\system32\rsaenh.dll
0x00007fffa6a40000 - 0x00007fffa6a69000 	C:\WINDOWS\SYSTEM32\USERENV.dll
0x00007fffa6520000 - 0x00007fffa652c000 	C:\WINDOWS\SYSTEM32\CRYPTBASE.dll
0x00007fff9cee0000 - 0x00007fff9cef6000 	C:\WINDOWS\SYSTEM32\dhcpcsvc6.DLL
0x00007fff9d3a0000 - 0x00007fff9d3bc000 	C:\WINDOWS\SYSTEM32\dhcpcsvc.DLL
0x0000000051590000 - 0x00000000515b4000 	C:\Program Files\Java\jdk1.8.0_161\jre\bin\sunec.dll
0x0000000051580000 - 0x000000005158b000 	C:\Program Files\Java\jdk1.8.0_161\jre\bin\sunmscapi.dll
0x00007fffa6c40000 - 0x00007fffa6e1c000 	C:\WINDOWS\System32\CRYPT32.dll
0x00007fffa6bd0000 - 0x00007fffa6be2000 	C:\WINDOWS\System32\MSASN1.dll

VM Arguments:
jvm_args: -Dfile.encoding=UTF-8 
java_command: com.nepaliCravings.demo.NepaliCravingApplication
java_class_path (initial): C:\Users\Niraj lal Shrestha\Documents\workspace-spring-tool-suite-4-4.3.0.RELEASE\NepaliCraving\target\classes;C:\Users\Niraj lal Shrestha\.m2\repository\org\springframework\boot\spring-boot-starter-data-jpa\2.4.2\spring-boot-starter-data-jpa-2.4.2.jar;C:\Users\Niraj lal Shrestha\.m2\repository\org\springframework\boot\spring-boot-starter-aop\2.4.2\spring-boot-starter-aop-2.4.2.jar;C:\Users\Niraj lal Shrestha\.m2\repository\org\aspectj\aspectjweaver\1.9.6\aspectjweaver-1.9.6.jar;C:\Users\Niraj lal Shrestha\.m2\repository\org\springframework\boot\spring-boot-starter-jdbc\2.4.2\spring-boot-starter-jdbc-2.4.2.jar;C:\Users\Niraj lal Shrestha\.m2\repository\com\zaxxer\HikariCP\3.4.5\HikariCP-3.4.5.jar;C:\Users\Niraj lal Shrestha\.m2\repository\org\springframework\spring-jdbc\5.3.3\spring-jdbc-5.3.3.jar;C:\Users\Niraj lal Shrestha\.m2\repository\jakarta\transaction\jakarta.transaction-api\1.3.3\jakarta.transaction-api-1.3.3.jar;C:\Users\Niraj lal Shrestha\.m2\repository\jakarta\persistence\jakarta.persistence-api\2.2.3\jakarta.persistence-api-2.2.3.jar;C:\Users\Niraj lal Shrestha\.m2\repository\org\hibernate\hibernate-core\5.4.27.Final\hibernate-core-5.4.27.Final.jar;C:\Users\Niraj lal Shrestha\.m2\repository\org\jboss\logging\jboss-logging\3.4.1.Final\jboss-logging-3.4.1.Final.jar;C:\Users\Niraj lal Shrestha\.m2\repository\org\javassist\javassist\3.27.0-GA\javassist-3.27.0-GA.jar;C:\Users\Niraj lal Shrestha\.m2\repository\net\bytebuddy\byte-buddy\1.10.19\byte-buddy-1.10.19.jar;C:\Users\Niraj lal Shrestha\.m2\repository\antlr\antlr\2.7.7\antlr-2.7.7.jar;C:\Users\Niraj lal Shrestha\.m2\repository\org\jboss\jandex\2.1.3.Final\jandex-2.1.3.Final.jar;C:\Users\Niraj lal Shrestha\.m2\repository\com\fasterxml\classmate\1.5.1\classmate-1.5.1.jar;C:\Users\Niraj lal Shrestha\.m2\repository\org\dom4j\dom4j\2.1.3\dom4j-2.1.3.jar;C:\Users\Niraj lal Shrestha\.m2\repository\org\hibernate\common\hibernate-commons-annotations\5.1.2.Final\hibernate-commons-anno
Launcher Type: SUN_STANDARD

Environment Variables:
JAVA_HOME=C:\Program Files\Java\jdk1.8.0_161
PATH=C:/Program Files/Java/jre1.8.0_241/bin/server;C:/Program Files/Java/jre1.8.0_241/bin;C:/Program Files/Java/jre1.8.0_241/lib/amd64;C:\Program Files (x86)\Common Files\Oracle\Java\javapath;C:\ProgramData\Oracle\Java\javapath;C:\WINDOWS\system32;C:\WINDOWS;C:\WINDOWS\System32\Wbem;C:\WINDOWS\System32\WindowsPowerShell\v1.0\;C:\Program Files\Java\jdk1.8.0_161\bin;C:\Program Files\Java\jre1.8.0_161\bin;C:\WINDOWS\System32\OpenSSH\;C:\Users\Niraj lal Shrestha\AppData\Local\Microsoft\WindowsApps;;D:\NIRAJ\sts-4.3.0.RELEASE;
USERNAME=Niraj lal Shrestha
OS=Windows_NT
PROCESSOR_IDENTIFIER=Intel64 Family 6 Model 58 Stepping 9, GenuineIntel



---------------  S Y S T E M  ---------------

OS: Windows 10.0 , 64 bit Build 17763 (10.0.17763.475)

CPU:total 4 (initial active 4) (2 cores per cpu, 2 threads per core) family 6 model 58 stepping 9, cmov, cx8, fxsr, mmx, sse, sse2, sse3, ssse3, sse4.1, sse4.2, popcnt, avx, clmul, erms, ht, tsc, tscinvbit, tscinv

Memory: 4k page, physical 6186068k(537852k free), swap 19248464k(6424k free)

vm_info: Java HotSpot(TM) 64-Bit Server VM (25.161-b12) for windows-amd64 JRE (1.8.0_161-b12), built on Dec 19 2017 17:52:25 by "java_re" with MS VC++ 10.0 (VS2010)

time: Thu Jan 21 20:19:29 2021
elapsed time: 15 seconds (0d 0h 0m 15s)

